Сборка начата 01.06.2021 11:22:01.
Уровень детализации журнала: Normal.     1>Проект "E:\Учёба\ЯП\LP_Lab13\LP_Lab13\LP_Lab13.vcxproj" в узле 2 (целевые объекты Build).
     1>InitializeBuildStatus:
         Создание "Debug\LP_Lab13.tlog\unsuccessfulbuild", так как было задано "AlwaysCreate".
       ClCompile:
         C:\Program Files (x86)\Microsoft Visual Studio\2019\Community\VC\Tools\MSVC\14.28.29910\bin\HostX86\x86\CL.exe /c /ZI /JMC /nologo /W3 /WX- /diagnostics:column /sdl /Od /Oy- /D WIN32 /D _DEBUG /D _CONSOLE /D _UNICODE /D UNICODE /Gm- /EHsc /RTC1 /MDd /GS /fp:precise /permissive- /Zc:wchar_t /Zc:forScope /Zc:inline /Fo"Debug\\" /Fd"Debug\vc142.pdb" /Gd /TP /analyze- /FC /errorReport:prompt LP_Lab13.cpp
         LP_Lab13.cpp
       Link:
         C:\Program Files (x86)\Microsoft Visual Studio\2019\Community\VC\Tools\MSVC\14.28.29910\bin\HostX86\x86\link.exe /ERRORREPORT:PROMPT /OUT:"E:\Учёба\ЯП\LP_Lab13\Debug\LP_Lab13.exe" /INCREMENTAL /NOLOGO kernel32.lib user32.lib gdi32.lib winspool.lib comdlg32.lib advapi32.lib shell32.lib ole32.lib oleaut32.lib uuid.lib odbc32.lib odbccp32.lib /MANIFEST /MANIFESTUAC:"level='asInvoker' uiAccess='false'" /manifest:embed /DEBUG:FASTLINK /PDB:"E:\Учёба\ЯП\LP_Lab13\Debug\LP_Lab13.pdb" /SUBSYSTEM:CONSOLE /TLBID:1 /DYNAMICBASE /NXCOMPAT /IMPLIB:"E:\Учёба\ЯП\LP_Lab13\Debug\LP_Lab13.lib" /MACHINE:X86 Debug\Error.obj
         Debug\FST.obj
         Debug\In.obj
         Debug\Log.obj
         Debug\LP_Lab13.obj
         Debug\Parm.obj
         LP_Lab13.vcxproj -> E:\Учёба\ЯП\LP_Lab13\Debug\LP_Lab13.exe
       FinalizeBuildStatus:
         Файл "Debug\LP_Lab13.tlog\unsuccessfulbuild" удаляется.
         Обращение к "Debug\LP_Lab13.tlog\LP_Lab13.lastbuildstate".
     1>Сборка проекта "E:\Учёба\ЯП\LP_Lab13\LP_Lab13\LP_Lab13.vcxproj" завершена (целевые объекты Build).

Сборка успешно завершена.
    Предупреждений: 0
    Ошибок: 0

Прошло времени 00:00:03.60
